Performing C SOURCE FILE Test CMAKE_HAVE_LIBC_PTHREAD failed with the following output:
Change Dir: /home/sya7/Document/Database/scudb_initial/cmake-build-debug/CMakeFiles/CMakeTmp

Run Build Command(s):/usr/bin/make -f Makefile cmTC_26208/fast && /usr/bin/make  -f CMakeFiles/cmTC_26208.dir/build.make CMakeFiles/cmTC_26208.dir/build
make[1]: Entering directory '/home/sya7/Document/Database/scudb_initial/cmake-build-debug/CMakeFiles/CMakeTmp'
Building C object CMakeFiles/cmTC_26208.dir/src.c.o
/usr/bin/cc -DCMAKE_HAVE_LIBC_PTHREAD   -o CMakeFiles/cmTC_26208.dir/src.c.o -c /home/sya7/Document/Database/scudb_initial/cmake-build-debug/CMakeFiles/CMakeTmp/src.c
Linking C executable cmTC_26208
/opt/clion/clion-2022.2.4/bin/cmake/linux/bin/cmake -E cmake_link_script CMakeFiles/cmTC_26208.dir/link.txt --verbose=1
/usr/bin/cc -rdynamic CMakeFiles/cmTC_26208.dir/src.c.o -o cmTC_26208 
/usr/bin/ld: CMakeFiles/cmTC_26208.dir/src.c.o: in function `main':
src.c:(.text+0x46): undefined reference to `pthread_create'
/usr/bin/ld: src.c:(.text+0x52): undefined reference to `pthread_detach'
/usr/bin/ld: src.c:(.text+0x5e): undefined reference to `pthread_cancel'
/usr/bin/ld: src.c:(.text+0x6f): undefined reference to `pthread_join'
collect2: error: ld returned 1 exit status
make[1]: *** [CMakeFiles/cmTC_26208.dir/build.make:99: cmTC_26208] Error 1
make[1]: Leaving directory '/home/sya7/Document/Database/scudb_initial/cmake-build-debug/CMakeFiles/CMakeTmp'
make: *** [Makefile:127: cmTC_26208/fast] Error 2


Source file was:
#include <pthread.h>

static void* test_func(void* data)
{
  return data;
}

int main(void)
{
  pthread_t thread;
  pthread_create(&thread, NULL, test_func, NULL);
  pthread_detach(thread);
  pthread_cancel(thread);
  pthread_join(thread, NULL);
  pthread_atfork(NULL, NULL, NULL);
  pthread_exit(NULL);

  return 0;
}

Determining if the function pthread_create exists in the pthreads failed with the following output:
Change Dir: /home/sya7/Document/Database/scudb_initial/cmake-build-debug/CMakeFiles/CMakeTmp

Run Build Command(s):/usr/bin/make -f Makefile cmTC_404a3/fast && /usr/bin/make  -f CMakeFiles/cmTC_404a3.dir/build.make CMakeFiles/cmTC_404a3.dir/build
make[1]: Entering directory '/home/sya7/Document/Database/scudb_initial/cmake-build-debug/CMakeFiles/CMakeTmp'
Building C object CMakeFiles/cmTC_404a3.dir/CheckFunctionExists.c.o
/usr/bin/cc   -DCHECK_FUNCTION_EXISTS=pthread_create -o CMakeFiles/cmTC_404a3.dir/CheckFunctionExists.c.o -c /opt/clion/clion-2022.2.4/bin/cmake/linux/share/cmake-3.23/Modules/CheckFunctionExists.c
Linking C executable cmTC_404a3
/opt/clion/clion-2022.2.4/bin/cmake/linux/bin/cmake -E cmake_link_script CMakeFiles/cmTC_404a3.dir/link.txt --verbose=1
/usr/bin/cc  -DCHECK_FUNCTION_EXISTS=pthread_create -rdynamic CMakeFiles/cmTC_404a3.dir/CheckFunctionExists.c.o -o cmTC_404a3  -lpthreads 
/usr/bin/ld: cannot find -lpthreads
collect2: error: ld returned 1 exit status
make[1]: *** [CMakeFiles/cmTC_404a3.dir/build.make:99: cmTC_404a3] Error 1
make[1]: Leaving directory '/home/sya7/Document/Database/scudb_initial/cmake-build-debug/CMakeFiles/CMakeTmp'
make: *** [Makefile:127: cmTC_404a3/fast] Error 2



